sample.interval=20000
"tryCatchList" "tryCatch" "compiler:::tryCompile" 
"mayCallBrowser" "mayCallBrowserList" "mayCallBrowser" "mayCallBrowserList" "mayCallBrowser" "mayCallBrowserList" "mayCallBrowser" "cmpfun" "doTryCatch" "tryCatchOne" "tryCatchList" "tryCatch" "compiler:::tryCmpfun" "fn_anon" 
"new.env" "findCenvVar" "getInlineInfo" "tryInline" "cmpCall" "cmp" "genCode" "cb$putconst" "cmpCallArgs" "cmpCallSymFun" "cmpCall" "cmp" "cmpSymbolAssign" "h" "tryInline" "cmpCall" "cmp" "h" "tryInline" "cmpCall" "cmp" "genCode" "cmpfun" "doTryCatch" "tryCatchOne" "tryCatchList" "tryCatch" "compiler:::tryCmpfun" "fn_anon" 
"Filter" "findLocalsList" "funEnv" "make.functionContext" "cmpfun" "doTryCatch" "tryCatchOne" "tryCatchList" "tryCatch" "compiler:::tryCmpfun" "detailed_function" 
"lapply" "FUN" "lapply" "findLocalsList1" "findLocalsList" "funEnv" "make.functionContext" "cmpfun" "doTryCatch" "tryCatchOne" "tryCatchList" "tryCatch" "compiler:::tryCmpfun" "fn_anon2" "detailed_function" 
"[[" "quo_get_env" "expand_pick_quo" "expand_pick" "mutate_col" "withCallingHandlers" "mutate_cols" "mutate.data.frame" "dplyr::mutate" "dplyr::mutate" "calc_value" "fn_anon2" "detailed_function" 
"getFoldFun" "constantFoldCall" "constantFold" "cmp" "cmpCallExprFun" "cmpCall" "cmp" "cmpSymbolAssign" "h" "tryInline" "cmpCall" "cmp" "h" "tryInline" "cmpCall" "cmp" "genCode" "cmpfun" "doTryCatch" "tryCatchOne" "tryCatchList" "tryCatch" "compiler:::tryCmpfun" "rm_calc" "fn_anon2" "detailed_function" 
"is_symbol" "call_expand_dots" "eval_c" "walk_data_tree" "vars_select_eval" "withCallingHandlers" "with_subscript_errors" "eval_select_impl" "tidyselect::eval_select" "select.data.frame" "dplyr::select" "rm_calc" "fn_anon2" "detailed_function" 
"group_data.data.frame" "group_data" "setdiff" "group_vars.data.frame" "group_vars" "structure" "new_sel_vars" "tbl_vars" "join_filter" "anti_join.data.frame" "dplyr::anti_join" "fn_anon2" "detailed_function" 
"dots_split" "env" "filter_eval" "filter_rows" "filter.data.frame" "dplyr::filter" "fn_anon2" "detailed_function" 
"filter_rows" "filter.data.frame" "dplyr::filter" "fn_anon2" "detailed_function" 
"is_quosure" "expand_pick_call" "expand_pick_call" "expand_pick_quo" "expand_pick" "mutate_col" "withCallingHandlers" "mutate_cols" "mutate.data.frame" "dplyr::mutate" "calc_value" "fn_anon2" "detailed_function" 
"mutate_cols" "mutate.data.frame" "dplyr::mutate" "dplyr::mutate" "calc_value" "fn_anon2" "detailed_function" 
"c" "dim.data.frame" "dim" "dim" "nrow" "group_data.data.frame" "group_data" "compute_by" "mutate.data.frame" "dplyr::mutate" "dplyr::mutate" "calc_value" "fn_anon2" "detailed_function" 
"initialize" "DataMask$new" "mutate_cols" "mutate.data.frame" "dplyr::mutate" "calc_value" "fn_anon2" "detailed_function" 
"expand_pick_call" "expand_pick_quo" "expand_pick" "mutate_col" "withCallingHandlers" "mutate_cols" "mutate.data.frame" "dplyr::mutate" "dplyr::mutate" "calc_value" "fn_anon2" "detailed_function" 
"dim" "dim" "nrow" "initialize" "DataMask$new" "mutate_cols" "mutate.data.frame" "dplyr::mutate" "dplyr::mutate" "calc_value" "fn_anon2" "detailed_function" 
"dplyr_quosures" "force" "mutate_cols" "mutate.data.frame" "dplyr::mutate" "dplyr::mutate" "calc_value" "fn_anon2" "detailed_function" 
"dplyr::mutate" "dplyr::mutate" "calc_value" "fn_anon2" "detailed_function" 
"getInlineInfo" "tryInline" "cmpCall" "cmp" "cmpCallExprFun" "cmpCall" "cmp" "cmpSymbolAssign" "h" "tryInline" "cmpCall" "cmp" "h" "tryInline" "cmpCall" "cmp" "genCode" "cmpfun" "doTryCatch" "tryCatchOne" "tryCatchList" "tryCatch" "compiler:::tryCmpfun" "fn_anon" 
"env" "filter_expand" "filter_rows" "filter.data.frame" "dplyr::filter" "fn_anon" 
"getExprSrcref" "cb$setcurexpr" "cmpCall" "cmp" "h" "tryInline" "cmpCall" "cmp" "cmpRepeatBody" "h" "tryInline" "cmpCall" "cmp" "h" "tryInline" "cmpCall" "cmp" "genCode" "cmpfun" "doTryCatch" "tryCatchOne" "tryCatchList" "tryCatch" "compiler:::tryCmpfun" "detailed_function" 
"getExprSrcref" "cb$setcurexpr" "cmpCall" "cmp" "h" "tryInline" "cmpCall" "cmp" "genCode" "cmpfun" "doTryCatch" "tryCatchOne" "tryCatchList" "tryCatch" "compiler:::tryCmpfun" "fn_anon2" "detailed_function" 
"findCenvVar" "findFunDef" "cmpCall" "cmp" "cmpPrim2" "h" "tryInline" "cmpCall" "cmp" "h" "tryInline" "cmpCall" "cmp" "h" "tryInline" "cmpCall" "cmp" "genCode" "cmpfun" "doTryCatch" "tryCatchOne" "tryCatchList" "tryCatch" "compiler:::tryCmpfun" "fn_anon2" "detailed_function" 
"length" "getAssignedVar" "as.name" "h" "tryInline" "cmpCall" "cmp" "h" "tryInline" "cmpCall" "cmp" "h" "tryInline" "cmpCall" "cmp" "h" "tryInline" "cmpCall" "cmp" "genCode" "cmpfun" "doTryCatch" "tryCatchOne" "tryCatchList" "tryCatch" "compiler:::tryCmpfun" "fn_anon2" "detailed_function" 
"cb$patchlabels" "codeBufCode" "genCode" "cb$putconst" "cmpCallArgs" "cmpCallSymFun" "cmpCall" "cmp" "genCode" "cb$putconst" "cmpCallArgs" "cmpCallExprFun" "cmpCall" "cmp" "cmpSymbolAssign" "h" "tryInline" "cmpCall" "cmp" "h" "tryInline" "cmpCall" "cmp" "genCode" "cmpfun" "doTryCatch" "tryCatchOne" "tryCatchList" "tryCatch" "compiler:::tryCmpfun" "calc_value" "fn_anon2" "detailed_function" 
"reduce_sels" "eval_c" "walk_data_tree" "vars_select_eval" "withCallingHandlers" "with_subscript_errors" "eval_select_impl" "tidyselect::eval_select" "select.data.frame" "dplyr::select" "rm_calc" "fn_anon2" "detailed_function" 
"group_data" "setdiff" "group_vars.data.frame" "group_vars" "ensure_group_vars" "select.data.frame" "dplyr::select" "rm_calc" "fn_anon2" "detailed_function" 
"as.list.default" "as.list" "endots" "enquos" ".External2" "eval_bare" "call_expand_dots" "eval_c" "walk_data_tree" "vars_select_eval" "withCallingHandlers" "with_subscript_errors" "eval_select_impl" "tidyselect::eval_select" "select.data.frame" "dplyr::select" "rm_calc" "fn_anon2" "detailed_function" 
"environment" "names2" "ensure_named" "vars_select_eval" "withCallingHandlers" "with_subscript_errors" "eval_select_impl" "tidyselect::eval_select" "select.data.frame" "dplyr::select" "rm_calc" "fn_anon2" "detailed_function" 
"all" "dots_split" "env" "vars_select_eval" "withCallingHandlers" "with_subscript_errors" "eval_select_impl" "tidyselect::eval_select" "select.data.frame" "dplyr::select" "rm_calc" "fn_anon2" "detailed_function" 
"is_string" "as_string" "eval_sym" "walk_data_tree" "reduce_sels" "eval_c" "walk_data_tree" "vars_select_eval" "withCallingHandlers" "with_subscript_errors" "eval_select_impl" "tidyselect::eval_select" "select.data.frame" "dplyr::select" "rm_calc" "fn_anon2" "detailed_function" 
"as_quosure" "is_quosure" "quo_get_expr2" "vars_select_eval" "withCallingHandlers" "with_subscript_errors" "eval_select_impl" "tidyselect::eval_select" "select.data.frame" "dplyr::select" "rm_calc" "fn_anon2" "detailed_function" 
"all" "dots_split" "env" "vars_select_eval" "withCallingHandlers" "with_subscript_errors" "eval_select_impl" "tidyselect::eval_select" "select.data.frame" "dplyr::select" "rm_calc" "fn_anon2" "detailed_function" 
"eval_sym" "walk_data_tree" "reduce_sels" "eval_c" "walk_data_tree" "vars_select_eval" "withCallingHandlers" "with_subscript_errors" "eval_select_impl" "tidyselect::eval_select" "select.data.frame" "dplyr::select" "rm_calc" "fn_anon2" "detailed_function" 
"select.data.frame" "dplyr::select" "rm_calc" "fn_anon2" "detailed_function" 
"mutate_col" "withCallingHandlers" "mutate_cols" "mutate.data.frame" "dplyr::mutate" "dplyr::mutate" "calc_value" "fn_anon2" "detailed_function" 
"fn_anon2" "detailed_function" 
"expand_pick_call" "expand_pick_call" "expand_pick_quo" "expand_pick" "mutate_col" "withCallingHandlers" "mutate_cols" "mutate.data.frame" "dplyr::mutate" "calc_value" "fn_anon2" "detailed_function" 
".Call" "list2" "new_dplyr_quosure" "expand_pick" "mutate_col" "withCallingHandlers" "mutate_cols" "mutate.data.frame" "dplyr::mutate" "calc_value" "fn_anon2" "detailed_function" 
"mutate.data.frame" "dplyr::mutate" "dplyr::mutate" "calc_value" "fn_anon2" "detailed_function" 
"cb$putconst" "cmpCallSymFun" "h" "tryInline" "cmpCall" "cmp" "cmpCallExprFun" "cmpCall" "cmp" "cmpSymbolAssign" "h" "tryInline" "cmpCall" "cmp" "h" "tryInline" "cmpCall" "cmp" "genCode" "cmpfun" "doTryCatch" "tryCatchOne" "tryCatchList" "tryCatch" "compiler:::tryCmpfun" "fn_anon" 
"context_poke" "context_local" "local_error_context" "mutate_cols" "mutate.data.frame" "dplyr::mutate" "suffle_discard_pile" 
"findCenvVar" "getInlineInfo" "tryInline" "cmpCall" "cmp" "cmpSymbolAssign" "h" "tryInline" "cmpCall" "cmp" "h" "tryInline" "cmpCall" "cmp" "genCode" "cmpfun" "doTryCatch" "tryCatchOne" "tryCatchList" "tryCatch" "compiler:::tryCmpfun" "detailed_function" 
"constantFoldCall" "constantFold" "constantFoldCall" "constantFold" "cmp" "genCode" "cb$putconst" "cmpCallArgs" "cmpCallExprFun" "cmpCall" "cmp" "cmpSymbolAssign" "h" "tryInline" "cmpCall" "cmp" "h" "tryInline" "cmpCall" "cmp" "h" "tryInline" "cmpCall" "cmp" "h" "tryInline" "cmpCall" "cmp" "genCode" "cmpfun" "doTryCatch" "tryCatchOne" "tryCatchList" "tryCatch" "compiler:::tryCmpfun" "fn_anon2" "detailed_function" 
"findCenvVar" "findLocVar" "cmpCall" "cmp" "h" "tryInline" "cmpCall" "cmp" "h" "tryInline" "cmpCall" "cmp" "h" "tryInline" "cmpCall" "cmp" "genCode" "cmpfun" "doTryCatch" "tryCatchOne" "tryCatchList" "tryCatch" "compiler:::tryCmpfun" "fn_anon2" "detailed_function" 
"names2" "dplyr_quosures" "force" "mutate_cols" "mutate.data.frame" "dplyr::mutate" "dplyr::mutate" "calc_value" "fn_anon2" "detailed_function" 
"expand_pick_quo" "expand_pick" "mutate_col" "withCallingHandlers" "mutate_cols" "mutate.data.frame" "dplyr::mutate" "calc_value" "fn_anon2" "detailed_function" 
"vec_recycle_common" "dplyr_col_modify.data.frame" "dplyr_col_modify" "mutate.data.frame" "dplyr::mutate" "dplyr::mutate" "calc_value" "fn_anon2" "detailed_function" 
"DataMask$new" "mutate_cols" "mutate.data.frame" "dplyr::mutate" "dplyr::mutate" "calc_value" "fn_anon2" "detailed_function" 
"lapply" "assign_func_envs" "DataMask$new" "mutate_cols" "mutate.data.frame" "dplyr::mutate" "dplyr::mutate" "calc_value" "fn_anon2" "detailed_function" 
"mutate_col" "withCallingHandlers" "mutate_cols" "mutate.data.frame" "dplyr::mutate" "dplyr::mutate" "calc_value" "fn_anon2" "detailed_function" 
"length" "new_error_context" "local_error_context" "mutate_cols" "mutate.data.frame" "dplyr::mutate" "calc_value" "fn_anon2" "detailed_function" 
"vapply" ".rlang_purrr_map_mold" "map_lgl" "mutate_cols" "mutate.data.frame" "dplyr::mutate" "calc_value" "fn_anon2" "detailed_function" 
"[[.data.frame" "[[" "[.data.frame" "[" "fn_anon2" "detailed_function" 
"DataMask$new" "mutate_cols" "mutate.data.frame" "dplyr::mutate" "fn_anon2" "detailed_function" 
"$<-.data.frame" "$<-" "vars_select_eval" "withCallingHandlers" "with_subscript_errors" "eval_select_impl" "tidyselect::eval_select" "select.data.frame" "dplyr::select" "rm_calc" "fn_anon2" "detailed_function" 
"duplicated.default" "duplicated" "base::setdiff" "setdiff.default" "setdiff" "group_vars.data.frame" "group_vars" "ensure_group_vars" "select.data.frame" "dplyr::select" "rm_calc" "fn_anon2" "detailed_function" 
"caller_env" "inject" "list_c" "%||%" "endots" "enquos" ".External2" "eval_bare" "call_expand_dots" "eval_c" "walk_data_tree" "vars_select_eval" "withCallingHandlers" "with_subscript_errors" "eval_select_impl" "tidyselect::eval_select" "select.data.frame" "dplyr::select" "rm_calc" "fn_anon2" "detailed_function" 
"quo_get_expr2" "c_arg_kind" "reduce_sels" "eval_c" "walk_data_tree" "vars_select_eval" "withCallingHandlers" "with_subscript_errors" "eval_select_impl" "tidyselect::eval_select" "select.data.frame" "dplyr::select" "rm_calc" "fn_anon2" "detailed_function" 
"withCallingHandlers" "subclass_col_index_errors" "vectbl_as_col_location" "[.tbl_df" "[" "set_names" "join_filter" "anti_join.data.frame" "dplyr::anti_join" "fn_anon2" "detailed_function" 
"dots_split" "env" "new_error_context" "poke_error_context" "withCallingHandlers" "mutate_cols" "mutate.data.frame" "dplyr::mutate" "dplyr::mutate" "calc_value" "fn_anon2" "detailed_function" 
"mutate_cols" "mutate.data.frame" "dplyr::mutate" "dplyr::mutate" "calc_value" "fn_anon2" "detailed_function" 
"new_environment" "initialize" "DataMask$new" "mutate_cols" "mutate.data.frame" "dplyr::mutate" "calc_value" "fn_anon2" "detailed_function" 
".Call" "dots_split" "env" "new_error_context" "poke_error_context" "withCallingHandlers" "mutate_cols" "mutate.data.frame" "dplyr::mutate" "dplyr::mutate" "calc_value" "fn_anon2" "detailed_function" 
"new_quosure" "expand_pick_quo" "expand_pick" "mutate_col" "withCallingHandlers" "mutate_cols" "mutate.data.frame" "dplyr::mutate" "dplyr::mutate" "calc_value" "fn_anon2" "detailed_function" 
"is_missing" "dplyr_error_call" "mutate_cols" "mutate.data.frame" "dplyr::mutate" "dplyr::mutate" "calc_value" "fn_anon2" "detailed_function" 
"is_missing" "expand_pick_call" "expand_pick_call" "expand_pick_quo" "expand_pick" "mutate_col" "withCallingHandlers" "mutate_cols" "mutate.data.frame" "dplyr::mutate" "calc_value" "fn_anon2" "detailed_function" 
"set_names" "named" "loc_validate" "sel_diff" "reduce_sels" "eval_c" "walk_data_tree" "vars_select_eval" "withCallingHandlers" "with_subscript_errors" "eval_select_impl" "tidyselect::eval_select" "select.data.frame" "dplyr::select" "rm_calc" "fn_anon2" "detailed_function" 
"defer" "local_bindings" "walk_data_tree" "vars_select_eval" "withCallingHandlers" "with_subscript_errors" "eval_select_impl" "tidyselect::eval_select" "select.data.frame" "dplyr::select" "rm_calc" "fn_anon2" "detailed_function" 
"%in%" "eval_c" "walk_data_tree" "vars_select_eval" "withCallingHandlers" "with_subscript_errors" "eval_select_impl" "tidyselect::eval_select" "select.data.frame" "dplyr::select" "rm_calc" "fn_anon2" "detailed_function" 
"tryInline" "cmpCall" "cmp" "h" "tryInline" "cmpCall" "cmp" "genCode" "cmpfun" "doTryCatch" "tryCatchOne" "tryCatchList" "tryCatch" "compiler:::tryCmpfun" "fn_anon" 
"mutate_col" "withCallingHandlers" "mutate_cols" "mutate.data.frame" "dplyr::mutate" "suffle_discard_pile" 
"lapply" "FUN" "lapply" "findLocalsList1" "findLocalsList" "funEnv" "make.functionContext" "cmpfun" "doTryCatch" "tryCatchOne" "tryCatchList" "tryCatch" "compiler:::tryCmpfun" "fn_anon2" "detailed_function" 
"cb$patchlabels" "codeBufCode" "genCode" "cb$putconst" "cmpCallArgs" "cmpCallExprFun" "cmpCall" "cmp" "cmpSymbolAssign" "h" "tryInline" "cmpCall" "cmp" "h" "tryInline" "cmpCall" "cmp" "h" "tryInline" "cmpCall" "cmp" "h" "tryInline" "cmpCall" "cmp" "genCode" "cmpfun" "doTryCatch" "tryCatchOne" "tryCatchList" "tryCatch" "compiler:::tryCmpfun" "fn_anon2" "detailed_function" 
"exists" "findCenvVar" "getInlineInfo" "trySetterInline" "cmpSetterCall" "cmpComplexAssign" "h" "tryInline" "cmpCall" "cmp" "h" "tryInline" "cmpCall" "cmp" "h" "tryInline" "cmpCall" "cmp" "h" "tryInline" "cmpCall" "cmp" "genCode" "cmpfun" "doTryCatch" "tryCatchOne" "tryCatchList" "tryCatch" "compiler:::tryCmpfun" "fn_anon2" "detailed_function" 
"cmp" "h" "tryInline" "cmpCall" "cmp" "h" "tryInline" "cmpCall" "cmp" "h" "tryInline" "cmpCall" "cmp" "genCode" "cmpfun" "doTryCatch" "tryCatchOne" "tryCatchList" "tryCatch" "compiler:::tryCmpfun" "fn_anon2" "detailed_function" 
"dots_split" "env" "mutate_cols" "mutate.data.frame" "dplyr::mutate" "dplyr::mutate" "calc_value" "fn_anon2" "detailed_function" 
"findCenvVar" "getInlineInfo" "tryInline" "cmpCall" "cmp" "genCode" "cb$putconst" "cmpCallArgs" "cmpCallExprFun" "cmpCall" "cmp" "cmpSymbolAssign" "h" "tryInline" "cmpCall" "cmp" "h" "tryInline" "cmpCall" "cmp" "genCode" "cmpfun" "doTryCatch" "tryCatchOne" "tryCatchList" "tryCatch" "compiler:::tryCmpfun" "calc_value" "fn_anon2" "detailed_function" 
"check_dots_empty0" "vec_as_names" "withCallingHandlers" "subclass_name_repair_errors" "repaired_names" "set_repaired_names" "lst_to_tibble" "as_tibble.data.frame" "as_tibble" "join_filter" "anti_join.data.frame" "dplyr::anti_join" "fn_anon2" "detailed_function" 
"findCenvVar" "getInlineInfo" "isBaseVar" "getFoldFun" "constantFoldCall" "constantFold" "cmp" "genCode" "cb$putconst" "cmpCallArgs" "cmpCallExprFun" "cmpCall" "cmp" "cmpSymbolAssign" "h" "tryInline" "cmpCall" "cmp" "h" "tryInline" "cmpCall" "cmp" "genCode" "cmpfun" "doTryCatch" "tryCatchOne" "tryCatchList" "tryCatch" "compiler:::tryCmpfun" "rm_calc" "fn_anon2" "detailed_function" 
"list_flatten" "dplyr::bind_rows" "fn_anon2" "detailed_function" 
"%||%" "dplyr_new_data_frame" "dplyr_reconstruct" "dplyr_col_select" "mutate_keep" "mutate.data.frame" "dplyr::mutate" "dplyr::mutate" "calc_value" "fn_anon2" "detailed_function" 
"vec_slice2" "nth" "dplyr::first" "fn_anon2" "detailed_function" 
"length" "length" "mutate_col" "withCallingHandlers" "mutate_cols" "mutate.data.frame" "dplyr::mutate" "dplyr::mutate" "calc_value" "fn_anon2" "detailed_function" 
"compute_by" "mutate.data.frame" "dplyr::mutate" "dplyr::mutate" "calc_value" "fn_anon2" "detailed_function" 
"length" "mutate_col" "withCallingHandlers" "mutate_cols" "mutate.data.frame" "dplyr::mutate" "dplyr::mutate" "calc_value" "fn_anon2" "detailed_function" 
"check_join_vars" "join_cols" "join_filter" "anti_join.data.frame" "dplyr::anti_join" "fn_anon2" "detailed_function" 
"quo_get_env" ".Call" "list3" "env_bind" "local_bindings" "walk_data_tree" "reduce_sels" "eval_c" "walk_data_tree" "vars_select_eval" "withCallingHandlers" "with_subscript_errors" "eval_select_impl" "tidyselect::eval_select" "select.data.frame" "dplyr::select" "rm_calc" "fn_anon2" "detailed_function" 
"expand_pick_call" "expand_pick_call" "expand_pick_quo" "expand_pick" "mutate_col" "withCallingHandlers" "mutate_cols" "mutate.data.frame" "dplyr::mutate" "fn_anon2" "detailed_function" 
"compute_by" "mutate.data.frame" "dplyr::mutate" "dplyr::mutate" "calc_value" "fn_anon2" "detailed_function" 
"anyDuplicated" "initialize" "DataMask$new" "mutate_cols" "mutate.data.frame" "dplyr::mutate" "calc_value" "fn_anon2" "detailed_function" 
"compute_by" "filter.data.frame" "dplyr::filter" "fn_anon2" "detailed_function" 
"<Anonymous>" "ifelse" ".Call" "eval" "mask$eval_all_mutate" "mutate_col" "withCallingHandlers" "mutate_cols" "mutate.data.frame" "dplyr::mutate" "calc_value" "fn_anon2" "detailed_function" 
"as_string" "eval_sym" "walk_data_tree" "reduce_sels" "eval_c" "walk_data_tree" "vars_select_eval" "withCallingHandlers" "with_subscript_errors" "eval_select_impl" "tidyselect::eval_select" "select.data.frame" "dplyr::select" "rm_calc" "fn_anon2" "detailed_function" 
"quo_is_null" "mutate_relocate" "mutate.data.frame" "dplyr::mutate" "calc_value" "fn_anon2" "detailed_function" 
"names<-" "set_names" "mutate_cols" "mutate.data.frame" "dplyr::mutate" "dplyr::mutate" "calc_value" "fn_anon2" "detailed_function" 
"lockEnvironment" "DataMask$new" "mutate_cols" "mutate.data.frame" "dplyr::mutate" "calc_value" "fn_anon2" "detailed_function" 
"obj_check_vector" "vec_data" "as.list" "dplyr_col_modify.data.frame" "dplyr_col_modify" "mutate.data.frame" "dplyr::mutate" "dplyr::mutate" "calc_value" "fn_anon2" "detailed_function" 
"names<-" "set_names" "mutate_cols" "mutate.data.frame" "dplyr::mutate" "fn_anon2" "detailed_function" 
"is_quosure" "quo_get_expr2" "walk_data_tree" "reduce_sels" "eval_c" "walk_data_tree" "vars_select_eval" "withCallingHandlers" "with_subscript_errors" "eval_select_impl" "tidyselect::eval_select" "select.data.frame" "dplyr::select" "rm_calc" "fn_anon2" "detailed_function" 
"map" "vars_select_eval" "withCallingHandlers" "with_subscript_errors" "eval_select_impl" "tidyselect::eval_select" "select.data.frame" "dplyr::select" "rm_calc" "fn_anon2" "detailed_function" 
"base::setdiff" "setdiff.default" "setdiff" "check_join_vars" "join_cols" "join_filter" "anti_join.data.frame" "dplyr::anti_join" "fn_anon2" "detailed_function" 
".Call" "eval" "mask$eval_all_filter" "withCallingHandlers" "filter_eval" "filter_rows" "filter.data.frame" "dplyr::filter" "fn_anon2" "detailed_function" 
"mutate_col" "withCallingHandlers" "mutate_cols" "mutate.data.frame" "dplyr::mutate" "fn_anon" 
"parent.env" "findCenvVar" "getInlineInfo" "isBaseVar" "isLoopTopFun" "checkSkipLoopCntxt" "checkSkipLoopCntxtList" "checkSkipLoopCntxt" "checkSkipLoopCntxtList" "checkSkipLoopCntxt" "checkSkipLoopCntxtList" "checkSkipLoopCntxt" "h" "tryInline" "cmpCall" "cmp" "h" "tryInline" "cmpCall" "cmp" "genCode" "cmpfun" "doTryCatch" "tryCatchOne" "tryCatchList" "tryCatch" "compiler:::tryCmpfun" "detailed_function" 
"putconst" "cb$putcode" "cmpCallArgs" "cmpCallSymFun" "cmpCall" "cmp" "cmpSymbolAssign" "h" "tryInline" "cmpCall" "cmp" "h" "tryInline" "cmpCall" "cmp" "genCode" "cmpfun" "doTryCatch" "tryCatchOne" "tryCatchList" "tryCatch" "compiler:::tryCmpfun" "fn_anon2" "detailed_function" 
"tryInline" "cmpCall" "cmp" "h" "tryInline" "cmpCall" "cmp" "genCode" "cmpfun" "doTryCatch" "tryCatchOne" "tryCatchList" "tryCatch" "compiler:::tryCmpfun" "fn_anon2" "detailed_function" 
"as.name" "lockBinding" "DataMask$new" "mutate_cols" "mutate.data.frame" "dplyr::mutate" "calc_value" "fn_anon2" "detailed_function" 
"DataMask$new" "mutate_cols" "mutate.data.frame" "dplyr::mutate" "fn_anon2" "detailed_function" 
"as_indices_sel_impl" "walk_data_tree" "reduce_sels" "eval_c" "walk_data_tree" "vars_select_eval" "withCallingHandlers" "with_subscript_errors" "eval_select_impl" "tidyselect::eval_select" "select.data.frame" "dplyr::select" "rm_calc" "fn_anon2" "detailed_function" 
"character" "vapply" ".rlang_purrr_map_mold" "map_chr" "arg_match_multi" "arg_match" "check_unmatched" "join_rows" "join_filter" "anti_join.data.frame" "dplyr::anti_join" "fn_anon2" "detailed_function" 
"enquo" "check_by_typo_impl" "check_by_typo" "dplyr::filter" "fn_anon2" "detailed_function" 
"dots_split" "env" "new_error_context" "poke_error_context" "withCallingHandlers" "mutate_cols" "mutate.data.frame" "dplyr::mutate" "calc_value" "fn_anon2" "detailed_function" 
"new_data_frame" "dplyr_col_modify.data.frame" "dplyr_col_modify" "mutate.data.frame" "dplyr::mutate" "dplyr::mutate" "calc_value" "fn_anon2" "detailed_function" 
"quo_is_call" "expand_across" "mutate_col" "withCallingHandlers" "mutate_cols" "mutate.data.frame" "dplyr::mutate" "calc_value" "fn_anon2" "detailed_function" 
"environment" "list3" "env_bind" "local_bindings" "walk_data_tree" "reduce_sels" "eval_c" "walk_data_tree" "vars_select_eval" "withCallingHandlers" "with_subscript_errors" "eval_select_impl" "tidyselect::eval_select" "select.data.frame" "dplyr::select" "rm_calc" "fn_anon2" "detailed_function" 
"length" "length" "new_error_context" "local_error_context" "filter_expand" "filter_rows" "filter.data.frame" "dplyr::filter" "fn_anon2" "detailed_function" 
"dplyr::bind_rows" "fn_anon2" "detailed_function" 
"env_bind_lazy" "withCallingHandlers" "suppressWarnings" "mask$forget" "mutate_cols" "mutate.data.frame" "dplyr::mutate" "dplyr::mutate" "calc_value" "fn_anon2" "detailed_function" 
"env" "new_error_context" "local_error_context" "mutate_cols" "mutate.data.frame" "dplyr::mutate" "dplyr::mutate" "calc_value" "fn_anon2" "detailed_function" 
"loc_validate" "sel_diff" "reduce_sels" "eval_c" "walk_data_tree" "vars_select_eval" "withCallingHandlers" "with_subscript_errors" "eval_select_impl" "tidyselect::eval_select" "select.data.frame" "dplyr::select" "rm_calc" "fn_anon2" "detailed_function" 
".row_names_info" "%||%" "raw_rownames" "as_tibble.data.frame" "as_tibble" "join_filter" "anti_join.data.frame" "dplyr::anti_join" "fn_anon2" "detailed_function" 
"context_poke" "withCallingHandlers" "mutate_cols" "mutate.data.frame" "dplyr::mutate" "calc_value" "fn_anon2" "detailed_function" 
"env" "mutate_cols" "mutate.data.frame" "dplyr::mutate" "calc_value" "fn_anon2" "detailed_function" 
"new_data_frame" "dplyr_new_tibble" "compute_by" "mutate.data.frame" "dplyr::mutate" "dplyr::mutate" "calc_value" "fn_anon2" "detailed_function" 
"lapply" "assign_func_envs" "DataMask$new" "mutate_cols" "mutate.data.frame" "dplyr::mutate" "fn_anon2" "detailed_function" 
"quo_get_env" ".Call" "list3" "env_bind" "local_bindings" "walk_data_tree" "reduce_sels" "eval_c" "walk_data_tree" "vars_select_eval" "withCallingHandlers" "with_subscript_errors" "eval_select_impl" "tidyselect::eval_select" "select.data.frame" "dplyr::select" "rm_calc" "fn_anon2" "detailed_function" 
"$" "lapply" "map" "vars_select_eval" "withCallingHandlers" "with_subscript_errors" "eval_select_impl" "tidyselect::eval_select" "select.data.frame" "dplyr::select" "rm_calc" "fn_anon2" "detailed_function" 
"is_true" "endots" "enquos" ".External2" "eval_bare" "call_expand_dots" "eval_c" "walk_data_tree" "vars_select_eval" "withCallingHandlers" "with_subscript_errors" "eval_select_impl" "tidyselect::eval_select" "select.data.frame" "dplyr::select" "rm_calc" "fn_anon2" "detailed_function" 
"is_character" "check_character" "arg_match" "check_unmatched" "join_rows" "join_filter" "anti_join.data.frame" "dplyr::anti_join" "fn_anon2" "detailed_function" 
"withCallingHandlers" "subclass_name_repair_errors" "repaired_names" "set_repaired_names" "lst_to_tibble" "as_tibble.data.frame" "as_tibble" "join_filter" "anti_join.data.frame" "dplyr::anti_join" "fn_anon2" "detailed_function" 
"parent.frame" "enexpr" "expr" "context_local" "local_error_context" "filter_expand" "filter_rows" "filter.data.frame" "dplyr::filter" "fn_anon2" "detailed_function" 
"vapply" "order" "make.names" "data.frame" "draw_n_cards" "fn_anon" 
"$" "findCenvVar" "getInlineInfo" "isBaseVar" "isLoopTopFun" "checkSkipLoopCntxt" "checkSkipLoopCntxtList" "checkSkipLoopCntxt" "h" "tryInline" "cmpCall" "cmp" "h" "tryInline" "cmpCall" "cmp" "genCode" "cmpfun" "doTryCatch" "tryCatchOne" "tryCatchList" "tryCatch" "compiler:::tryCmpfun" "detailed_function" 
"cb$putconst" "h" "tryInline" "cmpCall" "cmp" "cmpBuiltinArgs" "h" "tryInline" "cmpCall" "cmp" "cmpSymbolAssign" "h" "tryInline" "cmpCall" "cmp" "h" "tryInline" "cmpCall" "cmp" "genCode" "cmpfun" "doTryCatch" "tryCatchOne" "tryCatchList" "tryCatch" "compiler:::tryCmpfun" "fn_anon2" "detailed_function" 
"cb$patchlabels" "codeBufCode" "genCode" "cmpfun" "doTryCatch" "tryCatchOne" "tryCatchList" "tryCatch" "compiler:::tryCmpfun" "fn_anon2" "detailed_function" 
"%||%" "dplyr_new_data_frame" "dplyr_reconstruct" "dplyr_col_modify.data.frame" "dplyr_col_modify" "mutate.data.frame" "dplyr::mutate" "dplyr::mutate" "calc_value" "fn_anon2" "detailed_function" 
"set_names" "mutate_cols" "mutate.data.frame" "dplyr::mutate" "fn_anon2" "detailed_function" 
"as_indices_impl" "as_indices_sel_impl" "walk_data_tree" "reduce_sels" "eval_c" "walk_data_tree" "vars_select_eval" "withCallingHandlers" "with_subscript_errors" "eval_select_impl" "tidyselect::eval_select" "select.data.frame" "dplyr::select" "rm_calc" "fn_anon2" "detailed_function" 
"dots_split" "env" "new_data_mask" "vars_select_eval" "withCallingHandlers" "with_subscript_errors" "eval_select_impl" "tidyselect::eval_select" "select.data.frame" "dplyr::select" "rm_calc" "fn_anon2" "detailed_function" 
"call_expand_dots" "eval_c" "walk_data_tree" "vars_select_eval" "withCallingHandlers" "with_subscript_errors" "eval_select_impl" "tidyselect::eval_select" "select.data.frame" "dplyr::select" "rm_calc" "fn_anon2" "detailed_function" 
"dim" "nrow" "new_data_frame" "dplyr_col_modify.data.frame" "dplyr_col_modify" "mutate.data.frame" "dplyr::mutate" "dplyr::mutate" "calc_value" "fn_anon2" "detailed_function" 
"is_grouped_df" "compute_by" "mutate.data.frame" "dplyr::mutate" "fn_anon2" "detailed_function" 
"is_quosure" "quo_get_expr2" "c_arg_kind" "%in%" "eval_c" "walk_data_tree" "vars_select_eval" "withCallingHandlers" "with_subscript_errors" "eval_select_impl" "tidyselect::eval_select" "select.data.frame" "dplyr::select" "rm_calc" "fn_anon2" "detailed_function" 
"dim" "dim" "nrow" "initialize" "DataMask$new" "mutate_cols" "mutate.data.frame" "dplyr::mutate" "fn_anon2" "detailed_function" 
".Call" "eval" "mask$eval_all_mutate" "mutate_col" "withCallingHandlers" "mutate_cols" "mutate.data.frame" "dplyr::mutate" "fn_anon2" "detailed_function" 
"dplyr_new_tibble" "compute_by" "filter.data.frame" "dplyr::filter" "fn_anon2" "detailed_function" 
"structure" "enquos" ".External2" "eval_bare" "call_expand_dots" "eval_c" "walk_data_tree" "vars_select_eval" "withCallingHandlers" "with_subscript_errors" "eval_select_impl" "tidyselect::eval_select" "select.data.frame" "dplyr::select" "rm_calc" "fn_anon2" "detailed_function" 
"tryCatchOne" "tryCatchList" "tryCatch" "base::try" "withCallingHandlers" "base::suppressWarnings" "expand_pick_call" "expand_pick_quo" "expand_pick" "mutate_col" "withCallingHandlers" "mutate_cols" "mutate.data.frame" "dplyr::mutate" "calc_value" "fn_anon2" "detailed_function" 
"do.call" "defer" "local_bindings" "walk_data_tree" "reduce_sels" "eval_c" "walk_data_tree" "vars_select_eval" "withCallingHandlers" "with_subscript_errors" "eval_select_impl" "tidyselect::eval_select" "select.data.frame" "dplyr::select" "rm_calc" "fn_anon2" "detailed_function" 
"initialize" "DataMask$new" "mutate_cols" "mutate.data.frame" "dplyr::mutate" "fn_anon2" "detailed_function" 
"putconst" "cb$putcode" "h" "tryInline" "cmpCall" "cmp" "genCode" "cmpfun" "doTryCatch" "tryCatchOne" "tryCatchList" "tryCatch" "compiler:::tryCmpfun" "fn_anon" 
"drop_null" "glue::glue_data" "lifecycle::signal_stage" "dplyr::sample_n" "suffle_discard_pile" 
"make.codeBuf" "genCode" "cb$putconst" "cmpCallArgs" "cmpCallSymFun" "cmpCall" "cmp" "cmpSymbolAssign" "h" "tryInline" "cmpCall" "cmp" "h" "tryInline" "cmpCall" "cmp" "h" "tryInline" "cmpCall" "cmp" "h" "tryInline" "cmpCall" "cmp" "cmpRepeatBody" "h" "tryInline" "cmpCall" "cmp" "h" "tryInline" "cmpCall" "cmp" "genCode" "cmpfun" "doTryCatch" "tryCatchOne" "tryCatchList" "tryCatch" "compiler:::tryCmpfun" "detailed_function" 
"cmpCallArgs" "cmpCallSymFun" "cmpCall" "cmp" "cmpPrim2" "h" "tryInline" "cmpCall" "cmp" "genCode" "cb$putconst" "cmpCallArgs" "cmpCallExprFun" "cmpCall" "cmp" "cmpSymbolAssign" "h" "tryInline" "cmpCall" "cmp" "h" "tryInline" "cmpCall" "cmp" "genCode" "cmpfun" "doTryCatch" "tryCatchOne" "tryCatchList" "tryCatch" "compiler:::tryCmpfun" "fn_anon2" "detailed_function" 
"findCenvVar" "getInlineInfo" "isBaseVar" "FUN" "lapply" "unlist" "Filter" "findLocalsList" "funEnv" "make.functionContext" "cmpfun" "doTryCatch" "tryCatchOne" "tryCatchList" "tryCatch" "compiler:::tryCmpfun" "calc_value" "fn_anon2" "detailed_function" 
"cb$commitlocs" "codeBufCode" "genCode" "cmpfun" "doTryCatch" "tryCatchOne" "tryCatchList" "tryCatch" "compiler:::tryCmpfun" "rm_calc" "fn_anon2" "detailed_function" 
"vec_unique_loc" "vec_slice" "vctrs::vec_unique" "sel_unique" "set_names" "named" "loc_validate" "sel_diff" "reduce_sels" "eval_c" "walk_data_tree" "vars_select_eval" "withCallingHandlers" "with_subscript_errors" "eval_select_impl" "tidyselect::eval_select" "select.data.frame" "dplyr::select" "rm_calc" "fn_anon2" "detailed_function" 
"vctrs::vec_locate_matches" "withCallingHandlers" "dplyr_locate_matches" "join_rows" "join_filter" "anti_join.data.frame" "dplyr::anti_join" "fn_anon2" "detailed_function" 
"vctrs::vec_locate_matches" "withCallingHandlers" "dplyr_locate_matches" "join_rows" "join_filter" "anti_join.data.frame" "dplyr::anti_join" "fn_anon2" "detailed_function" 
"vec_slice" ".row_names_info" "%||%" "dplyr_new_data_frame" "dplyr_reconstruct" "dplyr_row_slice.data.frame" "dplyr_row_slice" "join_filter" "anti_join.data.frame" "dplyr::anti_join" "fn_anon2" "detailed_function" 
"structure" "new_quosures" "filter_expand" "filter_rows" "filter.data.frame" "dplyr::filter" "fn_anon2" "detailed_function" 
".Call" "dots_split" "env" "mutate_cols" "mutate.data.frame" "dplyr::mutate" "calc_value" "fn_anon2" "detailed_function" 
"base::setdiff" "setdiff.default" "setdiff" "group_vars.data.frame" "group_vars" "ensure_group_vars" "select.data.frame" "dplyr::select" "rm_calc" "fn_anon2" "detailed_function" 
"names" "names" "vec_as_location" "withCallingHandlers" "subclass_col_index_errors" "vectbl_as_col_location" "[.tbl_df" "[" "set_names" "join_filter" "anti_join.data.frame" "dplyr::anti_join" "fn_anon2" "detailed_function" 
"is_environment" "check_environment" "env_bind_active" "filter_eval" "filter_rows" "filter.data.frame" "dplyr::filter" "fn_anon2" "detailed_function" 
"lapply" "map" "vars_select_eval" "withCallingHandlers" "with_subscript_errors" "eval_select_impl" "tidyselect::eval_select" "select.data.frame" "dplyr::select" "rm_calc" "fn_anon2" "detailed_function" 
"$" "mutate_col" "withCallingHandlers" "mutate_cols" "mutate.data.frame" "dplyr::mutate" "dplyr::mutate" "calc_value" "fn_anon2" "detailed_function" 
"NextMethod" "[.data.frame" "[" "dplyr_col_select" "mutate_keep" "mutate.data.frame" "dplyr::mutate" "dplyr::mutate" "calc_value" "fn_anon2" "detailed_function" 
"enexpr" "expr" "context_local" "local_mask" "initialize" "DataMask$new" "mutate_cols" "mutate.data.frame" "dplyr::mutate" "dplyr::mutate" "calc_value" "fn_anon2" "detailed_function" 
"enquo" "compute_by" "mutate.data.frame" "dplyr::mutate" "fn_anon2" "detailed_function" 
"environment" "env_get" "eval_sym" "walk_data_tree" "reduce_sels" "eval_c" "walk_data_tree" "vars_select_eval" "withCallingHandlers" "with_subscript_errors" "eval_select_impl" "tidyselect::eval_select" "select.data.frame" "dplyr::select" "rm_calc" "fn_anon2" "detailed_function" 
"names" "withCallingHandlers" "subclass_name_repair_errors" "repaired_names" "set_repaired_names" "lst_to_tibble" "as_tibble.data.frame" "as_tibble" "join_filter" "anti_join.data.frame" "dplyr::anti_join" "fn_anon2" "detailed_function" 
"enexpr" "expr" "context_local" "local_error_context" "mutate_cols" "mutate.data.frame" "dplyr::mutate" "calc_value" "fn_anon2" "detailed_function" 
"expand_pick_call" "expand_pick_quo" "expand_pick" "mutate_col" "withCallingHandlers" "mutate_cols" "mutate.data.frame" "dplyr::mutate" "calc_value" "fn_anon2" "detailed_function" 
"exists" "findCenvVar" "getInlineInfo" "tryInline" "cmpCall" "cmp" "h" "tryInline" "cmpCall" "cmp" "genCode" "cmpfun" "doTryCatch" "tryCatchOne" "tryCatchList" "tryCatch" "compiler:::tryCmpfun" "fn_anon" 
".Call" "mask$get_used" "mutate_cols" "mutate.data.frame" "dplyr::mutate" "suffle_discard_pile" 
"append" "FUN" "lapply" "FUN" "lapply" "findLocalsList1" "findLocalsList" "funEnv" "make.functionContext" "cmpfun" "doTryCatch" "tryCatchOne" "tryCatchList" "tryCatch" "compiler:::tryCmpfun" "fn_anon2" "detailed_function" 
"h" "tryInline" "cmpCall" "cmp" "h" "tryInline" "cmpCall" "cmp" "h" "tryInline" "cmpCall" "cmp" "h" "tryInline" "cmpCall" "cmp" "genCode" "cmpfun" "doTryCatch" "tryCatchOne" "tryCatchList" "tryCatch" "compiler:::tryCmpfun" "fn_anon2" "detailed_function" 
"new_dplyr_quosure" "dplyr_quosures" "force" "mutate_cols" "mutate.data.frame" "dplyr::mutate" "calc_value" "fn_anon2" "detailed_function" 
"is_environment" "check_environment" "env_bind_lazy" "withCallingHandlers" "suppressWarnings" "mask$forget" "filter_rows" "filter.data.frame" "dplyr::filter" "fn_anon2" "detailed_function" 
"mask$forget" "mutate_cols" "mutate.data.frame" "dplyr::mutate" "dplyr::mutate" "calc_value" "fn_anon2" "detailed_function" 
"dplyr_reconstruct" "dplyr_col_modify.data.frame" "dplyr_col_modify" "mutate.data.frame" "dplyr::mutate" "fn_anon2" "detailed_function" 
"vctrs::vec_as_location" "loc_validate" "sel_diff" "reduce_sels" "eval_c" "walk_data_tree" "vars_select_eval" "withCallingHandlers" "with_subscript_errors" "eval_select_impl" "tidyselect::eval_select" "select.data.frame" "dplyr::select" "rm_calc" "fn_anon2" "detailed_function" 
"call_expand_dots" "eval_c" "walk_data_tree" "vars_select_eval" "withCallingHandlers" "with_subscript_errors" "eval_select_impl" "tidyselect::eval_select" "select.data.frame" "dplyr::select" "rm_calc" "fn_anon2" "detailed_function" 
"as_function" "map" "mask$forget" "filter_rows" "filter.data.frame" "dplyr::filter" "fn_anon2" "detailed_function" 
"compute_by" "mutate.data.frame" "dplyr::mutate" "calc_value" "fn_anon2" "detailed_function" 
"expand_pick" "mutate_col" "withCallingHandlers" "mutate_cols" "mutate.data.frame" "dplyr::mutate" "dplyr::mutate" "calc_value" "fn_anon2" "detailed_function" 
"[.data.frame" "[" "dplyr_col_select" "mutate_keep" "mutate.data.frame" "dplyr::mutate" "calc_value" "fn_anon2" "detailed_function" 
"every" "new_quosures" "filter_expand" "filter_rows" "filter.data.frame" "dplyr::filter" "fn_anon2" "detailed_function" 
"[.data.frame" "[" "fn_anon2" "detailed_function" 
"anyDuplicated" "[.data.frame" "[" "dplyr_col_select" "select.data.frame" "dplyr::select" "rm_calc" "fn_anon2" "detailed_function" 
"vec_set_attributes" "new_vctr" "new_list_of0" "new_list_of" "group_data.data.frame" "group_data" "setdiff" "group_vars.data.frame" "group_vars" "ensure_group_vars" "select.data.frame" "dplyr::select" "rm_calc" "fn_anon2" "detailed_function" 
"enexpr" "expr" "is_quosure" "as_quosure" "is_quosure" "quo_get_expr2" "vars_select_eval" "withCallingHandlers" "with_subscript_errors" "eval_select_impl" "tidyselect::eval_select" "select.data.frame" "dplyr::select" "rm_calc" "fn_anon2" "detailed_function" 
"as.character" "set_names" "named" "loc_validate" "sel_diff" "reduce_sels" "eval_c" "walk_data_tree" "vars_select_eval" "withCallingHandlers" "with_subscript_errors" "eval_select_impl" "tidyselect::eval_select" "select.data.frame" "dplyr::select" "rm_calc" "fn_anon2" "detailed_function" 
"has_length" "validate_unique" "<Anonymous>" "vctrs::vec_as_names" "ensure_named" "vars_select_eval" "withCallingHandlers" "with_subscript_errors" "eval_select_impl" "tidyselect::eval_select" "select.data.frame" "dplyr::select" "rm_calc" "fn_anon2" "detailed_function" 
"dplyr_col_select" "select.data.frame" "dplyr::select" "rm_calc" "fn_anon2" "detailed_function" 
"validate_unique" "<Anonymous>" "vctrs::vec_as_names" "ensure_named" "vars_select_eval" "withCallingHandlers" "with_subscript_errors" "eval_select_impl" "tidyselect::eval_select" "select.data.frame" "dplyr::select" "rm_calc" "fn_anon2" "detailed_function" 
"dplyr_col_select" "select.data.frame" "dplyr::select" "rm_calc" "fn_anon2" "detailed_function" 
"set_names" "named" "loc_validate" "sel_diff" "reduce_sels" "eval_c" "walk_data_tree" "vars_select_eval" "withCallingHandlers" "with_subscript_errors" "eval_select_impl" "tidyselect::eval_select" "select.data.frame" "dplyr::select" "rm_calc" "fn_anon2" "detailed_function" 
"mutate_col" "withCallingHandlers" "mutate_cols" "mutate.data.frame" "dplyr::mutate" "dplyr::mutate" "calc_value" "fn_anon2" "detailed_function" 
"NextMethod" "[[<-.quosures" "[[<-" "dplyr_quosures" "force" "mutate_cols" "mutate.data.frame" "dplyr::mutate" "dplyr::mutate" "calc_value" "fn_anon2" "detailed_function" 
"enexpr" "expr" "context_local" "local_mask" "initialize" "DataMask$new" "mutate_cols" "mutate.data.frame" "dplyr::mutate" "calc_value" "fn_anon2" "detailed_function" 
"dim.data.frame" "dim" "dim" "nrow" "group_data.data.frame" "group_data" "compute_by" "filter.data.frame" "dplyr::filter" "fn_anon2" "detailed_function" 
"addCenvFrame" "funEnv" "make.functionContext" "cmpfun" "doTryCatch" "tryCatchOne" "tryCatchList" "tryCatch" "compiler:::tryCmpfun" "fn_anon" 
"append" "FUN" "lapply" "FUN" "lapply" "findLocalsList1" "findLocalsList" "funEnv" "make.functionContext" "cmpfun" "doTryCatch" "tryCatchOne" "tryCatchList" "tryCatch" "compiler:::tryCmpfun" "fn_anon" 
"constantFold" "cmp" "cmpSymbolAssign" "h" "tryInline" "cmpCall" "cmp" "h" "tryInline" "cmpCall" "cmp" "genCode" "cmpfun" "doTryCatch" "tryCatchOne" "tryCatchList" "tryCatch" "compiler:::tryCmpfun" "fn_anon" 
"dots.or.missing" "cmpPrim2" "h" "tryInline" "cmpCall" "cmp" "genCode" "cb$putconst" "cmpCallArgs" "cmpCallExprFun" "cmpCall" "cmp" "cmpSymbolAssign" "h" "tryInline" "cmpCall" "cmp" "h" "tryInline" "cmpCall" "cmp" "genCode" "cmpfun" "doTryCatch" "tryCatchOne" "tryCatchList" "tryCatch" "compiler:::tryCmpfun" "fn_anon" 
"dots.or.missing" "cmpPrim2" "h" "tryInline" "cmpCall" "cmp" "genCode" "cb$putconst" "cmpCallArgs" "cmpCallExprFun" "cmpCall" "cmp" "cmpSymbolAssign" "h" "tryInline" "cmpCall" "cmp" "h" "tryInline" "cmpCall" "cmp" "genCode" "cmpfun" "doTryCatch" "tryCatchOne" "tryCatchList" "tryCatch" "compiler:::tryCmpfun" "fn_anon" 
"dots.or.missing" "cmpPrim2" "h" "tryInline" "cmpCall" "cmp" "genCode" "cb$putconst" "cmpCallArgs" "cmpCallExprFun" "cmpCall" "cmp" "cmpSymbolAssign" "h" "tryInline" "cmpCall" "cmp" "h" "tryInline" "cmpCall" "cmp" "genCode" "cmpfun" "doTryCatch" "tryCatchOne" "tryCatchList" "tryCatch" "compiler:::tryCmpfun" "fn_anon" 
"dots.or.missing" "cmpPrim2" "h" "tryInline" "cmpCall" "cmp" "genCode" "cb$putconst" "cmpCallArgs" "cmpCallExprFun" "cmpCall" "cmp" "cmpSymbolAssign" "h" "tryInline" "cmpCall" "cmp" "h" "tryInline" "cmpCall" "cmp" "genCode" "cmpfun" "doTryCatch" "tryCatchOne" "tryCatchList" "tryCatch" "compiler:::tryCmpfun" "fn_anon" 
"dots.or.missing" "cmpPrim2" "h" "tryInline" "cmpCall" "cmp" "genCode" "cb$putconst" "cmpCallArgs" "cmpCallExprFun" "cmpCall" "cmp" "cmpSymbolAssign" "h" "tryInline" "cmpCall" "cmp" "h" "tryInline" "cmpCall" "cmp" "genCode" "cmpfun" "doTryCatch" "tryCatchOne" "tryCatchList" "tryCatch" "compiler:::tryCmpfun" "fn_anon" 
"dots.or.missing" "cmpPrim2" "h" "tryInline" "cmpCall" "cmp" "genCode" "cb$putconst" "cmpCallArgs" "cmpCallExprFun" "cmpCall" "cmp" "cmpSymbolAssign" "h" "tryInline" "cmpCall" "cmp" "h" "tryInline" "cmpCall" "cmp" "genCode" "cmpfun" "doTryCatch" "tryCatchOne" "tryCatchList" "tryCatch" "compiler:::tryCmpfun" "fn_anon" 
"dots.or.missing" "cmpPrim2" "h" "tryInline" "cmpCall" "cmp" "genCode" "cb$putconst" "cmpCallArgs" "cmpCallExprFun" "cmpCall" "cmp" "cmpSymbolAssign" "h" "tryInline" "cmpCall" "cmp" "h" "tryInline" "cmpCall" "cmp" "genCode" "cmpfun" "doTryCatch" "tryCatchOne" "tryCatchList" "tryCatch" "compiler:::tryCmpfun" "fn_anon" 
"dots.or.missing" "cmpPrim2" "h" "tryInline" "cmpCall" "cmp" "genCode" "cb$putconst" "cmpCallArgs" "cmpCallExprFun" "cmpCall" "cmp" "cmpSymbolAssign" "h" "tryInline" "cmpCall" "cmp" "h" "tryInline" "cmpCall" "cmp" "genCode" "cmpfun" "doTryCatch" "tryCatchOne" "tryCatchList" "tryCatch" "compiler:::tryCmpfun" "fn_anon" 
"dots.or.missing" "cmpPrim2" "h" "tryInline" "cmpCall" "cmp" "genCode" "cb$putconst" "cmpCallArgs" "cmpCallExprFun" "cmpCall" "cmp" "cmpSymbolAssign" "h" "tryInline" "cmpCall" "cmp" "h" "tryInline" "cmpCall" "cmp" "genCode" "cmpfun" "doTryCatch" "tryCatchOne" "tryCatchList" "tryCatch" "compiler:::tryCmpfun" "fn_anon" 
"dots.or.missing" "cmpPrim2" "h" "tryInline" "cmpCall" "cmp" "genCode" "cb$putconst" "cmpCallArgs" "cmpCallExprFun" "cmpCall" "cmp" "cmpSymbolAssign" "h" "tryInline" "cmpCall" "cmp" "h" "tryInline" "cmpCall" "cmp" "genCode" "cmpfun" "doTryCatch" "tryCatchOne" "tryCatchList" "tryCatch" "compiler:::tryCmpfun" "fn_anon" 
"dots.or.missing" "cmpPrim2" "h" "tryInline" "cmpCall" "cmp" "genCode" "cb$putconst" "cmpCallArgs" "cmpCallExprFun" "cmpCall" "cmp" "cmpSymbolAssign" "h" "tryInline" "cmpCall" "cmp" "h" "tryInline" "cmpCall" "cmp" "genCode" "cmpfun" "doTryCatch" "tryCatchOne" "tryCatchList" "tryCatch" "compiler:::tryCmpfun" "fn_anon" 
"dots.or.missing" "cmpPrim2" "h" "tryInline" "cmpCall" "cmp" "genCode" "cb$putconst" "cmpCallArgs" "cmpCallExprFun" "cmpCall" "cmp" "cmpSymbolAssign" "h" "tryInline" "cmpCall" "cmp" "h" "tryInline" "cmpCall" "cmp" "genCode" "cmpfun" "doTryCatch" "tryCatchOne" "tryCatchList" "tryCatch" "compiler:::tryCmpfun" "fn_anon" 
"dots.or.missing" "cmpPrim2" "h" "tryInline" "cmpCall" "cmp" "genCode" "cb$putconst" "cmpCallArgs" "cmpCallExprFun" "cmpCall" "cmp" "cmpSymbolAssign" "h" "tryInline" "cmpCall" "cmp" "h" "tryInline" "cmpCall" "cmp" "genCode" "cmpfun" "doTryCatch" "tryCatchOne" "tryCatchList" "tryCatch" "compiler:::tryCmpfun" "fn_anon" 
"dots.or.missing" "cmpPrim2" "h" "tryInline" "cmpCall" "cmp" "genCode" "cb$putconst" "cmpCallArgs" "cmpCallExprFun" "cmpCall" "cmp" "cmpSymbolAssign" "h" "tryInline" "cmpCall" "cmp" "h" "tryInline" "cmpCall" "cmp" "genCode" "cmpfun" "doTryCatch" "tryCatchOne" "tryCatchList" "tryCatch" "compiler:::tryCmpfun" "fn_anon" 
"dots.or.missing" "cmpPrim2" "h" "tryInline" "cmpCall" "cmp" "genCode" "cb$putconst" "cmpCallArgs" "cmpCallExprFun" "cmpCall" "cmp" "cmpSymbolAssign" "h" "tryInline" "cmpCall" "cmp" "h" "tryInline" "cmpCall" "cmp" "genCode" "cmpfun" "doTryCatch" "tryCatchOne" "tryCatchList" "tryCatch" "compiler:::tryCmpfun" "fn_anon" 
"dots.or.missing" "cmpPrim2" "h" "tryInline" "cmpCall" "cmp" "genCode" "cb$putconst" "cmpCallArgs" "cmpCallExprFun" "cmpCall" "cmp" "cmpSymbolAssign" "h" "tryInline" "cmpCall" "cmp" "h" "tryInline" "cmpCall" "cmp" "genCode" "cmpfun" "doTryCatch" "tryCatchOne" "tryCatchList" "tryCatch" "compiler:::tryCmpfun" "fn_anon" 
"dots.or.missing" "cmpPrim2" "h" "tryInline" "cmpCall" "cmp" "genCode" "cb$putconst" "cmpCallArgs" "cmpCallExprFun" "cmpCall" "cmp" "cmpSymbolAssign" "h" "tryInline" "cmpCall" "cmp" "h" "tryInline" "cmpCall" "cmp" "genCode" "cmpfun" "doTryCatch" "tryCatchOne" "tryCatchList" "tryCatch" "compiler:::tryCmpfun" "fn_anon" 
"dots.or.missing" "cmpPrim2" "h" "tryInline" "cmpCall" "cmp" "genCode" "cb$putconst" "cmpCallArgs" "cmpCallExprFun" "cmpCall" "cmp" "cmpSymbolAssign" "h" "tryInline" "cmpCall" "cmp" "h" "tryInline" "cmpCall" "cmp" "genCode" "cmpfun" "doTryCatch" "tryCatchOne" "tryCatchList" "tryCatch" "compiler:::tryCmpfun" "fn_anon" 
"dots.or.missing" "cmpPrim2" "h" "tryInline" "cmpCall" "cmp" "genCode" "cb$putconst" "cmpCallArgs" "cmpCallExprFun" "cmpCall" "cmp" "cmpSymbolAssign" "h" "tryInline" "cmpCall" "cmp" "h" "tryInline" "cmpCall" "cmp" "genCode" "cmpfun" "doTryCatch" "tryCatchOne" "tryCatchList" "tryCatch" "compiler:::tryCmpfun" "fn_anon" 
"dots.or.missing" "cmpPrim2" "h" "tryInline" "cmpCall" "cmp" "genCode" "cb$putconst" "cmpCallArgs" "cmpCallExprFun" "cmpCall" "cmp" "cmpSymbolAssign" "h" "tryInline" "cmpCall" "cmp" "h" "tryInline" "cmpCall" "cmp" "genCode" "cmpfun" "doTryCatch" "tryCatchOne" "tryCatchList" "tryCatch" "compiler:::tryCmpfun" "fn_anon" 
"dots.or.missing" "cmpPrim2" "h" "tryInline" "cmpCall" "cmp" "genCode" "cb$putconst" "cmpCallArgs" "cmpCallExprFun" "cmpCall" "cmp" "cmpSymbolAssign" "h" "tryInline" "cmpCall" "cmp" "h" "tryInline" "cmpCall" "cmp" "genCode" "cmpfun" "doTryCatch" "tryCatchOne" "tryCatchList" "tryCatch" "compiler:::tryCmpfun" "fn_anon" 
"dots.or.missing" "cmpPrim2" "h" "tryInline" "cmpCall" "cmp" "genCode" "cb$putconst" "cmpCallArgs" "cmpCallExprFun" "cmpCall" "cmp" "cmpSymbolAssign" "h" "tryInline" "cmpCall" "cmp" "h" "tryInline" "cmpCall" "cmp" "genCode" "cmpfun" "doTryCatch" "tryCatchOne" "tryCatchList" "tryCatch" "compiler:::tryCmpfun" "fn_anon" 
"dots.or.missing" "cmpPrim2" "h" "tryInline" "cmpCall" "cmp" "genCode" "cb$putconst" "cmpCallArgs" "cmpCallExprFun" "cmpCall" "cmp" "cmpSymbolAssign" "h" "tryInline" "cmpCall" "cmp" "h" "tryInline" "cmpCall" "cmp" "genCode" "cmpfun" "doTryCatch" "tryCatchOne" "tryCatchList" "tryCatch" "compiler:::tryCmpfun" "fn_anon" 
"dots.or.missing" "cmpPrim2" "h" "tryInline" "cmpCall" "cmp" "genCode" "cb$putconst" "cmpCallArgs" "cmpCallExprFun" "cmpCall" "cmp" "cmpSymbolAssign" "h" "tryInline" "cmpCall" "cmp" "h" "tryInline" "cmpCall" "cmp" "genCode" "cmpfun" "doTryCatch" "tryCatchOne" "tryCatchList" "tryCatch" "compiler:::tryCmpfun" "fn_anon" 
"dots.or.missing" "cmpPrim2" "h" "tryInline" "cmpCall" "cmp" "genCode" "cb$putconst" "cmpCallArgs" "cmpCallExprFun" "cmpCall" "cmp" "cmpSymbolAssign" "h" "tryInline" "cmpCall" "cmp" "h" "tryInline" "cmpCall" "cmp" "genCode" "cmpfun" "doTryCatch" "tryCatchOne" "tryCatchList" "tryCatch" "compiler:::tryCmpfun" "fn_anon" 
"dots.or.missing" "cmpPrim2" "h" "tryInline" "cmpCall" "cmp" "genCode" "cb$putconst" "cmpCallArgs" "cmpCallExprFun" "cmpCall" "cmp" "cmpSymbolAssign" "h" "tryInline" "cmpCall" "cmp" "h" "tryInline" "cmpCall" "cmp" "genCode" "cmpfun" "doTryCatch" "tryCatchOne" "tryCatchList" "tryCatch" "compiler:::tryCmpfun" "fn_anon" 
"findCenvVar" "findVar" "cmpSym" "cmp" "cmpPrim2" "h" "tryInline" "cmpCall" "cmp" "genCode" "cb$putconst" "cmpCallArgs" "cmpCallExprFun" "cmpCall" "cmp" "cmpSymbolAssign" "h" "tryInline" "cmpCall" "cmp" "h" "tryInline" "cmpCall" "cmp" "genCode" "cmpfun" "doTryCatch" "tryCatchOne" "tryCatchList" "tryCatch" "compiler:::tryCmpfun" "fn_anon" 
".External2" "~" ".External2" "eval_bare" "...elt2" "impl" ".Call" "mask$eval_all" "withCallingHandlers" "slice_eval" "slice_rows" "slice.data.frame" "slice" "sample_n.data.frame" "dplyr::sample_n" "suffle_discard_pile" 
"findCenvVar" "findFunDef" "cmpCall" "cmp" "cmpSymbolAssign" "h" "tryInline" "cmpCall" "cmp" "h" "tryInline" "cmpCall" "cmp" "h" "tryInline" "cmpCall" "cmp" "h" "tryInline" "cmpCall" "cmp" "cmpRepeatBody" "h" "tryInline" "cmpCall" "cmp" "h" "tryInline" "cmpCall" "cmp" "genCode" "cmpfun" "doTryCatch" "tryCatchOne" "tryCatchList" "tryCatch" "compiler:::tryCmpfun" "detailed_function" 
"mayCallBrowserList" "mayCallBrowser" "mayCallBrowserList" "mayCallBrowser" "mayCallBrowserList" "mayCallBrowser" "mayCallBrowserList" "mayCallBrowser" "cmpfun" "doTryCatch" "tryCatchOne" "tryCatchList" "tryCatch" "compiler:::tryCmpfun" "fn_anon2" "detailed_function" 
"make.callContext" "cmpCall" "cmp" "h" "tryInline" "cmpCall" "cmp" "h" "tryInline" "cmpCall" "cmp" "h" "tryInline" "cmpCall" "cmp" "genCode" "cmpfun" "doTryCatch" "tryCatchOne" "tryCatchList" "tryCatch" "compiler:::tryCmpfun" "fn_anon2" "detailed_function" 
"parent.env" "findCenvVar" "getInlineInfo" "tryInline" "cmpCall" "cmp" "genCode" "cb$putconst" "cmpCallArgs" "cmpCallExprFun" "cmpCall" "cmp" "cmpSymbolAssign" "h" "tryInline" "cmpCall" "cmp" "h" "tryInline" "cmpCall" "cmp" "genCode" "cmpfun" "doTryCatch" "tryCatchOne" "tryCatchList" "tryCatch" "compiler:::tryCmpfun" "calc_value" "fn_anon2" "detailed_function" 
"duplicated" "base::setdiff" "setdiff.default" "setdiff" "group_vars.data.frame" "group_vars" "ensure_group_vars" "select.data.frame" "dplyr::select" "rm_calc" "fn_anon2" "detailed_function" 
"withCallingHandlers" "mutate_cols" "mutate.data.frame" "dplyr::mutate" "calc_value" "fn_anon2" "detailed_function" 
"expand_pick_call" "expand_pick_call" "expand_pick_quo" "expand_pick" "mutate_col" "withCallingHandlers" "mutate_cols" "mutate.data.frame" "dplyr::mutate" "calc_value" "fn_anon2" "detailed_function" 
".Call" "initialize" "DataMask$new" "mutate_cols" "mutate.data.frame" "dplyr::mutate" "dplyr::mutate" "calc_value" "fn_anon2" "detailed_function" 
"vctrs::vec_set_difference" "sel_diff" "reduce_sels" "eval_c" "walk_data_tree" "vars_select_eval" "withCallingHandlers" "with_subscript_errors" "eval_select_impl" "tidyselect::eval_select" "select.data.frame" "dplyr::select" "rm_calc" "fn_anon2" "detailed_function" 
"nth" "dplyr::first" "fn_anon2" "detailed_function" 
"dplyr_new_data_frame" "dplyr_reconstruct" "dplyr_col_modify.data.frame" "dplyr_col_modify" "mutate.data.frame" "dplyr::mutate" "calc_value" "fn_anon2" "detailed_function" 
"NextMethod" "[[<-.quosures" "[[<-" "dplyr_quosures" "force" "mutate_cols" "mutate.data.frame" "dplyr::mutate" "fn_anon2" "detailed_function" 
"initialize" "DataMask$new" "mutate_cols" "mutate.data.frame" "dplyr::mutate" "dplyr::mutate" "calc_value" "fn_anon2" "detailed_function" 
"dplyr_quosures" "force" "mutate_cols" "mutate.data.frame" "dplyr::mutate" "dplyr::mutate" "calc_value" "fn_anon2" "detailed_function" 
"mutate_col" "withCallingHandlers" "mutate_cols" "mutate.data.frame" "dplyr::mutate" "dplyr::mutate" "calc_value" "fn_anon2" "detailed_function" 
"vctrs::vec_as_subscript" "loc_validate" "vars_select_eval" "withCallingHandlers" "with_subscript_errors" "eval_select_impl" "tidyselect::eval_select" "select.data.frame" "dplyr::select" "rm_calc" "fn_anon2" "detailed_function" 
"mask$forget" "mutate_cols" "mutate.data.frame" "dplyr::mutate" "fn_anon2" "detailed_function" 
"new_vctr" "new_list_of0" "new_list_of" "group_data.data.frame" "group_data" "compute_by" "mutate.data.frame" "dplyr::mutate" "dplyr::mutate" "calc_value" "fn_anon2" "detailed_function" 
"expand_pick_call" "expand_pick_quo" "expand_pick" "mutate_col" "withCallingHandlers" "mutate_cols" "mutate.data.frame" "dplyr::mutate" "dplyr::mutate" "calc_value" "fn_anon2" "detailed_function" 
"dplyr_quosures" "force" "mutate_cols" "mutate.data.frame" "dplyr::mutate" "dplyr::mutate" "calc_value" "fn_anon2" "detailed_function" 
"endots" "enquos" ".External2" "eval_bare" "call_expand_dots" "eval_c" "walk_data_tree" "vars_select_eval" "withCallingHandlers" "with_subscript_errors" "eval_select_impl" "tidyselect::eval_select" "select.data.frame" "dplyr::select" "rm_calc" "fn_anon2" "detailed_function" 
"nrow" "initialize" "DataMask$new" "mutate_cols" "mutate.data.frame" "dplyr::mutate" "calc_value" "fn_anon2" "detailed_function" 
"mutate_col" "withCallingHandlers" "mutate_cols" "mutate.data.frame" "dplyr::mutate" "fn_anon2" "detailed_function" 
"mutate_col" "withCallingHandlers" "mutate_cols" "mutate.data.frame" "dplyr::mutate" "fn_anon2" "detailed_function" 
"mutate_col" "withCallingHandlers" "mutate_cols" "mutate.data.frame" "dplyr::mutate" "fn_anon2" "detailed_function" 
"mutate_col" "withCallingHandlers" "mutate_cols" "mutate.data.frame" "dplyr::mutate" "fn_anon2" "detailed_function" 
"mutate_col" "withCallingHandlers" "mutate_cols" "mutate.data.frame" "dplyr::mutate" "fn_anon2" "detailed_function" 
"env_bind_lazy" "withCallingHandlers" "suppressWarnings" "mask$forget" "mutate_cols" "mutate.data.frame" "dplyr::mutate" "dplyr::mutate" "calc_value" "fn_anon2" "detailed_function" 
"vctrs::vec_set_difference" "sel_diff" "reduce_sels" "eval_c" "walk_data_tree" "vars_select_eval" "withCallingHandlers" "with_subscript_errors" "eval_select_impl" "tidyselect::eval_select" "select.data.frame" "dplyr::select" "rm_calc" "fn_anon2" "detailed_function" 
"loc_validate" "sel_diff" "reduce_sels" "eval_c" "walk_data_tree" "vars_select_eval" "withCallingHandlers" "with_subscript_errors" "eval_select_impl" "tidyselect::eval_select" "select.data.frame" "dplyr::select" "rm_calc" "fn_anon2" "detailed_function" 
"source" 
"every" "new_quosures" "filter_expand" "filter_rows" "filter.data.frame" "dplyr::filter" "fn_anon" 
"every" "new_quosures" "filter_expand" "filter_rows" "filter.data.frame" "dplyr::filter" "fn_anon" 
"every" "new_quosures" "filter_expand" "filter_rows" "filter.data.frame" "dplyr::filter" "fn_anon" 
"every" "new_quosures" "filter_expand" "filter_rows" "filter.data.frame" "dplyr::filter" "fn_anon" 
"every" "new_quosures" "filter_expand" "filter_rows" "filter.data.frame" "dplyr::filter" "fn_anon" 
"every" "new_quosures" "filter_expand" "filter_rows" "filter.data.frame" "dplyr::filter" "fn_anon" 
"every" "new_quosures" "filter_expand" "filter_rows" "filter.data.frame" "dplyr::filter" "fn_anon" 
"every" "new_quosures" "filter_expand" "filter_rows" "filter.data.frame" "dplyr::filter" "fn_anon" 
"every" "new_quosures" "filter_expand" "filter_rows" "filter.data.frame" "dplyr::filter" "fn_anon" 
"every" "new_quosures" "filter_expand" "filter_rows" "filter.data.frame" "dplyr::filter" "fn_anon" 
"every" "new_quosures" "filter_expand" "filter_rows" "filter.data.frame" "dplyr::filter" "fn_anon" 
"every" "new_quosures" "filter_expand" "filter_rows" "filter.data.frame" "dplyr::filter" "fn_anon" 
"every" "new_quosures" "filter_expand" "filter_rows" "filter.data.frame" "dplyr::filter" "fn_anon" 
"every" "new_quosures" "filter_expand" "filter_rows" "filter.data.frame" "dplyr::filter" "fn_anon" 
"every" "new_quosures" "filter_expand" "filter_rows" "filter.data.frame" "dplyr::filter" "fn_anon" 
"every" "new_quosures" "filter_expand" "filter_rows" "filter.data.frame" "dplyr::filter" "fn_anon" 
"every" "new_quosures" "filter_expand" "filter_rows" "filter.data.frame" "dplyr::filter" "fn_anon" 
"every" "new_quosures" "filter_expand" "filter_rows" "filter.data.frame" "dplyr::filter" "fn_anon" 
"every" "new_quosures" "filter_expand" "filter_rows" "filter.data.frame" "dplyr::filter" "fn_anon" 
"every" "new_quosures" "filter_expand" "filter_rows" "filter.data.frame" "dplyr::filter" "fn_anon" 
"every" "new_quosures" "filter_expand" "filter_rows" "filter.data.frame" "dplyr::filter" "fn_anon" 
"every" "new_quosures" "filter_expand" "filter_rows" "filter.data.frame" "dplyr::filter" "fn_anon" 
"every" "new_quosures" "filter_expand" "filter_rows" "filter.data.frame" "dplyr::filter" "fn_anon" 
"every" "new_quosures" "filter_expand" "filter_rows" "filter.data.frame" "dplyr::filter" "fn_anon" 
"every" "new_quosures" "filter_expand" "filter_rows" "filter.data.frame" "dplyr::filter" "fn_anon" 
"every" "new_quosures" "filter_expand" "filter_rows" "filter.data.frame" "dplyr::filter" "fn_anon" 
"as.character" "unique" "factor" "as.factor" "split.default" "split" "lapply" "split.data.frame" "split" "fn_anon" 
"%in%" "getInlineInfo" "isBaseVar" "getFoldFun" "constantFoldCall" "constantFold" "cmp" "cmpSymbolAssign" "h" "tryInline" "cmpCall" "cmp" "h" "tryInline" "cmpCall" "cmp" "h" "tryInline" "cmpCall" "cmp" "h" "tryInline" "cmpCall" "cmp" "h" "tryInline" "cmpCall" "cmp" "h" "tryInline" "cmpCall" "cmp" "cmpRepeatBody" "h" "tryInline" "cmpCall" "cmp" "h" "tryInline" "cmpCall" "cmp" "genCode" "cmpfun" "doTryCatch" "tryCatchOne" "tryCatchList" "tryCatch" "compiler:::tryCmpfun" "detailed_function" 
"exists" "findCenvVar" "getInlineInfo" "tryGetterInline" "cmpGetterCall" "cmpComplexAssign" "h" "tryInline" "cmpCall" "cmp" "h" "tryInline" "cmpCall" "cmp" "h" "tryInline" "cmpCall" "cmp" "h" "tryInline" "cmpCall" "cmp" "genCode" "cmpfun" "doTryCatch" "tryCatchOne" "tryCatchList" "tryCatch" "compiler:::tryCmpfun" "fn_anon2" "detailed_function" 
"cb$commitlocs" "codeBufCode" "genCode" "cb$putconst" "cmpCallArgs" "cmpCallExprFun" "cmpCall" "cmp" "genCode" "cb$putconst" "cmpCallArgs" "cmpCallExprFun" "cmpCall" "cmp" "cmpSymbolAssign" "h" "tryInline" "cmpCall" "cmp" "h" "tryInline" "cmpCall" "cmp" "genCode" "cmpfun" "doTryCatch" "tryCatchOne" "tryCatchList" "tryCatch" "compiler:::tryCmpfun" "calc_value" "fn_anon2" "detailed_function" 
"cb$putconst" "make.codeBuf" "genCode" "cb$putconst" "cmpCallArgs" "cmpCallExprFun" "cmpCall" "cmp" "cmpSymbolAssign" "h" "tryInline" "cmpCall" "cmp" "h" "tryInline" "cmpCall" "cmp" "genCode" "cmpfun" "doTryCatch" "tryCatchOne" "tryCatchList" "tryCatch" "compiler:::tryCmpfun" "rm_calc" "fn_anon2" "detailed_function" 
"[.tbl_df" "[" "set_names" "join_filter" "anti_join.data.frame" "dplyr::anti_join" "fn_anon2" "detailed_function" 
"base::setdiff" "setdiff.default" "setdiff" "group_vars.data.frame" "group_vars" "structure" "new_sel_vars" "tbl_vars" "join_filter" "anti_join.data.frame" "dplyr::anti_join" "fn_anon2" "detailed_function" 
"is_missing" "expand_pick_call" "expand_pick_call" "expand_pick_quo" "expand_pick" "<Anonymous>" "mapply" "map2" "imap" "withCallingHandlers" "filter_expand" "filter_rows" "filter.data.frame" "dplyr::filter" "fn_anon2" "detailed_function" 
"new_dplyr_quosure" "expand_pick" "mutate_col" "withCallingHandlers" "mutate_cols" "mutate.data.frame" "dplyr::mutate" "calc_value" "fn_anon2" "detailed_function" 
"expand_pick_call" "expand_pick_quo" "expand_pick" "mutate_col" "withCallingHandlers" "mutate_cols" "mutate.data.frame" "dplyr::mutate" "dplyr::mutate" "calc_value" "fn_anon2" "detailed_function" 
"new_data_mask" "vars_select_eval" "withCallingHandlers" "with_subscript_errors" "eval_select_impl" "tidyselect::eval_select" "select.data.frame" "dplyr::select" "rm_calc" "fn_anon2" "detailed_function" 
"lapply" "map" "vars_select_eval" "withCallingHandlers" "with_subscript_errors" "eval_select_impl" "tidyselect::eval_select" "select.data.frame" "dplyr::select" "rm_calc" "fn_anon2" "detailed_function" 
"structure" "new_join_by" "finalise_equi_join_by" "as_join_by.character" "as_join_by" "join_filter" "anti_join.data.frame" "dplyr::anti_join" "fn_anon2" "detailed_function" 
"get_inherit" "has_private" "DataMask$new" "filter_rows" "filter.data.frame" "dplyr::filter" "fn_anon2" "detailed_function" 
"dplyr_quosures" "force" "mutate_cols" "mutate.data.frame" "dplyr::mutate" "calc_value" "fn_anon2" "detailed_function" 
"<Anonymous>" "[[.data.frame" "[[" "mutate_col" "withCallingHandlers" "mutate_cols" "mutate.data.frame" "dplyr::mutate" "dplyr::mutate" "calc_value" "fn_anon2" "detailed_function" 
"<Anonymous>" "enexpr" "expr" "FUN" "lapply" "map" "mask$forget" "mutate_cols" "mutate.data.frame" "dplyr::mutate" "calc_value" "fn_anon2" "detailed_function" 
"NextMethod" "[[<-.quosures" "[[<-" "dplyr_quosures" "force" "mutate_cols" "mutate.data.frame" "dplyr::mutate" "dplyr::mutate" "calc_value" "fn_anon2" "detailed_function" 
"FUN" "lapply" "assign_func_envs" "DataMask$new" "mutate_cols" "mutate.data.frame" "dplyr::mutate" "fn_anon2" "detailed_function" 
"is_call" "is_negated" "c_arg_kind" "reduce_sels" "eval_c" "walk_data_tree" "vars_select_eval" "withCallingHandlers" "with_subscript_errors" "eval_select_impl" "tidyselect::eval_select" "select.data.frame" "dplyr::select" "rm_calc" "fn_anon2" "detailed_function" 
".Call" "env_bind0" "env" "new_data_mask" "vars_select_eval" "withCallingHandlers" "with_subscript_errors" "eval_select_impl" "tidyselect::eval_select" "select.data.frame" "dplyr::select" "rm_calc" "fn_anon2" "detailed_function" 
"walk_data_tree" "reduce_sels" "eval_c" "walk_data_tree" "vars_select_eval" "withCallingHandlers" "with_subscript_errors" "eval_select_impl" "tidyselect::eval_select" "select.data.frame" "dplyr::select" "rm_calc" "fn_anon2" "detailed_function" 
"local_bindings" "walk_data_tree" "vars_select_eval" "withCallingHandlers" "with_subscript_errors" "eval_select_impl" "tidyselect::eval_select" "select.data.frame" "dplyr::select" "rm_calc" "fn_anon2" "detailed_function" 
"vapply" ".rlang_purrr_map_mold" "map_lgl" "mutate_cols" "mutate.data.frame" "dplyr::mutate" "fn_anon2" "detailed_function" 
"mutate_cols" "mutate.data.frame" "dplyr::mutate" "fn_anon2" "detailed_function" 
"parent.frame" "caller_env" "env" "new_error_context" "local_error_context" "mutate_cols" "mutate.data.frame" "dplyr::mutate" "fn_anon2" "detailed_function" 
".rs.scalar" ".rs.describeObject" 
"nzchar" "prettyNum" "format.default" "format" "format.fun" "paste" "nchar.w" "maybe_truncate" "formObj" "cat" "str.default" "str" "<Anonymous>" "do.call" "strSub" "str.default" "NextMethod" "str.data.frame" "str" "<Anonymous>" "do.call" "strSub" "str.default" "str" "<Anonymous>" "do.call" "strSub" "str.default" "str" "<Anonymous>" "do.call" "strSub" "str.default" "str" "doTryCatch" "tryCatchOne" "tryCatchList" "tryCatch" "try" "...elt" "withVisible" "capture.output" "doTryCatch" "tryCatchOne" "tryCatchList" "tryCatch" ".rs.withTimeLimit" ".rs.valueFromStr" ".rs.valueContentsImpl" "doTryCatch" "tryCatchOne" "tryCatchList" "tryCatch" ".rs.valueContents" ".rs.describeObject" 
"paste0" "cat" "str.default" "str" "<Anonymous>" "do.call" "strSub" "str.default" "str" "<Anonymous>" "do.call" "strSub" "str.default" "str" "doTryCatch" "tryCatchOne" "tryCatchList" "tryCatch" "try" "...elt" "withVisible" "capture.output" "doTryCatch" "tryCatchOne" "tryCatchList" "tryCatch" ".rs.withTimeLimit" ".rs.valueFromStr" ".rs.valueContentsImpl" "doTryCatch" "tryCatchOne" "tryCatchList" "tryCatch" ".rs.valueContents" ".rs.describeObject" 
"eval" "match.arg" "prettyNum" "format.default" "format" "format.fun" "paste" "nchar.w" "maybe_truncate" "formObj" "cat" "str.default" "str" "<Anonymous>" "do.call" "strSub" "str.default" "NextMethod" "str.data.frame" "str" "<Anonymous>" "do.call" "strSub" "str.default" "str" "doTryCatch" "tryCatchOne" "tryCatchList" "tryCatch" "try" "...elt" "withVisible" "capture.output" "doTryCatch" "tryCatchOne" "tryCatchList" "tryCatch" ".rs.withTimeLimit" ".rs.valueFromStr" ".rs.valueContentsImpl" "doTryCatch" "tryCatchOne" "tryCatchList" "tryCatch" ".rs.valueContents" ".rs.describeObject" 
